<?xml version="1.0" encoding="UTF-8"?>
<!-- Generated by org.testng.reporters.JUnitReportReporter -->
<testsuite hostname="chihongyuan0001" name="com.gxyj.web.Web02" tests="1" failures="0" timestamp="19 Jun 2018 02:41:30 GMT" time="5.204" errors="0">
  <testcase name="register" time="5.204" classname="com.gxyj.web.Web02"/>
</testsuite> <!-- com.gxyj.web.Web02 -->
